Collecting geo-py
  Using cached geo-py-0.4.tar.gz (61 kB)
  Installing build dependencies: started
  Installing build dependencies: finished with status 'done'
  Getting requirements to build wheel: started
  Getting requirements to build wheel: finished with status 'done'
  Preparing metadata (pyproject.toml): started
  Preparing metadata (pyproject.toml): finished with status 'done'
Building wheels for collected packages: geo-py
  Building wheel for geo-py (pyproject.toml): started
  Building wheel for geo-py (pyproject.toml): finished with status 'error'
  error: subprocess-exited-with-error
  
  × Building wheel for geo-py (pyproject.toml) did not run successfully.
  │ exit code: 1
  ╰─> [441 lines of output]
      /private/var/folders/v4/cb03nkw14jz38txytp1z811m0000gn/T/pip-build-env-uhw9_i7n/overlay/lib/python3.9/site-packages/setuptools/_distutils/dist.py:261: UserWarning: Unknown distribution option: 'test_suite'
        warnings.warn(msg)
      running bdist_wheel
      running build
      running build_py
      creating build/lib.macosx-14-arm64-cpython-39/geo
      copying geo/ellipsoid.py -> build/lib.macosx-14-arm64-cpython-39/geo
      copying geo/constants.py -> build/lib.macosx-14-arm64-cpython-39/geo
      copying geo/__init__.py -> build/lib.macosx-14-arm64-cpython-39/geo
      copying geo/sphere.py -> build/lib.macosx-14-arm64-cpython-39/geo
      running build_ext
      building 'geo._sphere' extension
      creating build/temp.macosx-14-arm64-cpython-39/geo
      clang -Wno-unused-result -Wsign-compare -Wunreachable-code -fno-common -dynamic -DNDEBUG -g -fwrapv -O3 -Wall -isysroot /Library/Developer/CommandLineTools/SDKs/MacOSX14.sdk -I/Users/traiano/Desktop/Learning/Geoserver/geoserver-microservices/geoserver-rest/.venv/include -I/opt/homebrew/opt/python@3.9/Frameworks/Python.framework/Versions/3.9/include/python3.9 -c geo/_sphere.c -o build/temp.macosx-14-arm64-cpython-39/geo/_sphere.o
      geo/_sphere.c:2623:22: warning: '_PyUnicode_get_wstr_length' is deprecated [-Wdeprecated-declarations]
                          (PyUnicode_GET_SIZE(**name) != PyUnicode_GET_SIZE(key)) ? 1 :
                           ^
      /opt/homebrew/opt/python@3.9/Frameworks/Python.framework/Versions/3.9/include/python3.9/cpython/unicodeobject.h:261:7: note: expanded from macro 'PyUnicode_GET_SIZE'
            PyUnicode_WSTR_LENGTH(op) :                    \
            ^
      /opt/homebrew/opt/python@3.9/Frameworks/Python.framework/Versions/3.9/include/python3.9/cpython/unicodeobject.h:451:35: note: expanded from macro 'PyUnicode_WSTR_LENGTH'
      #define PyUnicode_WSTR_LENGTH(op) _PyUnicode_get_wstr_length((PyObject*)op)
                                        ^
      /opt/homebrew/opt/python@3.9/Frameworks/Python.framework/Versions/3.9/include/python3.9/cpython/unicodeobject.h:445:1: note: '_PyUnicode_get_wstr_length' has been explicitly marked deprecated here
      Py_DEPRECATED(3.3)
      ^
      /opt/homebrew/opt/python@3.9/Frameworks/Python.framework/Versions/3.9/include/python3.9/pyport.h:508:54: note: expanded from macro 'Py_DEPRECATED'
      #define Py_DEPRECATED(VERSION_UNUSED) __attribute__((__deprecated__))
                                                           ^
      geo/_sphere.c:2623:22: warning: 'PyUnicode_AsUnicode' is deprecated [-Wdeprecated-declarations]
                          (PyUnicode_GET_SIZE(**name) != PyUnicode_GET_SIZE(key)) ? 1 :
                           ^
      /opt/homebrew/opt/python@3.9/Frameworks/Python.framework/Versions/3.9/include/python3.9/cpython/unicodeobject.h:262:14: note: expanded from macro 'PyUnicode_GET_SIZE'
            ((void)PyUnicode_AsUnicode(_PyObject_CAST(op)),\
                   ^
      /opt/homebrew/opt/python@3.9/Frameworks/Python.framework/Versions/3.9/include/python3.9/cpython/unicodeobject.h:580:1: note: 'PyUnicode_AsUnicode' has been explicitly marked deprecated here
      Py_DEPRECATED(3.3) PyAPI_FUNC(Py_UNICODE *) PyUnicode_AsUnicode(
      ^
      /opt/homebrew/opt/python@3.9/Frameworks/Python.framework/Versions/3.9/include/python3.9/pyport.h:508:54: note: expanded from macro 'Py_DEPRECATED'
      #define Py_DEPRECATED(VERSION_UNUSED) __attribute__((__deprecated__))
                                                           ^
      geo/_sphere.c:2623:22: warning: '_PyUnicode_get_wstr_length' is deprecated [-Wdeprecated-declarations]
                          (PyUnicode_GET_SIZE(**name) != PyUnicode_GET_SIZE(key)) ? 1 :
                           ^
      /opt/homebrew/opt/python@3.9/Frameworks/Python.framework/Versions/3.9/include/python3.9/cpython/unicodeobject.h:264:8: note: expanded from macro 'PyUnicode_GET_SIZE'
             PyUnicode_WSTR_LENGTH(op)))
             ^
      /opt/homebrew/opt/python@3.9/Frameworks/Python.framework/Versions/3.9/include/python3.9/cpython/unicodeobject.h:451:35: note: expanded from macro 'PyUnicode_WSTR_LENGTH'
      #define PyUnicode_WSTR_LENGTH(op) _PyUnicode_get_wstr_length((PyObject*)op)
                                        ^
      /opt/homebrew/opt/python@3.9/Frameworks/Python.framework/Versions/3.9/include/python3.9/cpython/unicodeobject.h:445:1: note: '_PyUnicode_get_wstr_length' has been explicitly marked deprecated here
      Py_DEPRECATED(3.3)
      ^
      /opt/homebrew/opt/python@3.9/Frameworks/Python.framework/Versions/3.9/include/python3.9/pyport.h:508:54: note: expanded from macro 'Py_DEPRECATED'
      #define Py_DEPRECATED(VERSION_UNUSED) __attribute__((__deprecated__))
                                                           ^
      geo/_sphere.c:2623:52: warning: '_PyUnicode_get_wstr_length' is deprecated [-Wdeprecated-declarations]
                          (PyUnicode_GET_SIZE(**name) != PyUnicode_GET_SIZE(key)) ? 1 :
                                                         ^
      /opt/homebrew/opt/python@3.9/Frameworks/Python.framework/Versions/3.9/include/python3.9/cpython/unicodeobject.h:261:7: note: expanded from macro 'PyUnicode_GET_SIZE'
            PyUnicode_WSTR_LENGTH(op) :                    \
            ^
      /opt/homebrew/opt/python@3.9/Frameworks/Python.framework/Versions/3.9/include/python3.9/cpython/unicodeobject.h:451:35: note: expanded from macro 'PyUnicode_WSTR_LENGTH'
      #define PyUnicode_WSTR_LENGTH(op) _PyUnicode_get_wstr_length((PyObject*)op)
                                        ^
      /opt/homebrew/opt/python@3.9/Frameworks/Python.framework/Versions/3.9/include/python3.9/cpython/unicodeobject.h:445:1: note: '_PyUnicode_get_wstr_length' has been explicitly marked deprecated here
      Py_DEPRECATED(3.3)
      ^
      /opt/homebrew/opt/python@3.9/Frameworks/Python.framework/Versions/3.9/include/python3.9/pyport.h:508:54: note: expanded from macro 'Py_DEPRECATED'
      #define Py_DEPRECATED(VERSION_UNUSED) __attribute__((__deprecated__))
                                                           ^
      geo/_sphere.c:2623:52: warning: 'PyUnicode_AsUnicode' is deprecated [-Wdeprecated-declarations]
                          (PyUnicode_GET_SIZE(**name) != PyUnicode_GET_SIZE(key)) ? 1 :
                                                         ^
      /opt/homebrew/opt/python@3.9/Frameworks/Python.framework/Versions/3.9/include/python3.9/cpython/unicodeobject.h:262:14: note: expanded from macro 'PyUnicode_GET_SIZE'
            ((void)PyUnicode_AsUnicode(_PyObject_CAST(op)),\
                   ^
      /opt/homebrew/opt/python@3.9/Frameworks/Python.framework/Versions/3.9/include/python3.9/cpython/unicodeobject.h:580:1: note: 'PyUnicode_AsUnicode' has been explicitly marked deprecated here
      Py_DEPRECATED(3.3) PyAPI_FUNC(Py_UNICODE *) PyUnicode_AsUnicode(
      ^
      /opt/homebrew/opt/python@3.9/Frameworks/Python.framework/Versions/3.9/include/python3.9/pyport.h:508:54: note: expanded from macro 'Py_DEPRECATED'
      #define Py_DEPRECATED(VERSION_UNUSED) __attribute__((__deprecated__))
                                                           ^
      geo/_sphere.c:2623:52: warning: '_PyUnicode_get_wstr_length' is deprecated [-Wdeprecated-declarations]
                          (PyUnicode_GET_SIZE(**name) != PyUnicode_GET_SIZE(key)) ? 1 :
                                                         ^
      /opt/homebrew/opt/python@3.9/Frameworks/Python.framework/Versions/3.9/include/python3.9/cpython/unicodeobject.h:264:8: note: expanded from macro 'PyUnicode_GET_SIZE'
             PyUnicode_WSTR_LENGTH(op)))
             ^
      /opt/homebrew/opt/python@3.9/Frameworks/Python.framework/Versions/3.9/include/python3.9/cpython/unicodeobject.h:451:35: note: expanded from macro 'PyUnicode_WSTR_LENGTH'
      #define PyUnicode_WSTR_LENGTH(op) _PyUnicode_get_wstr_length((PyObject*)op)
                                        ^
      /opt/homebrew/opt/python@3.9/Frameworks/Python.framework/Versions/3.9/include/python3.9/cpython/unicodeobject.h:445:1: note: '_PyUnicode_get_wstr_length' has been explicitly marked deprecated here
      Py_DEPRECATED(3.3)
      ^
      /opt/homebrew/opt/python@3.9/Frameworks/Python.framework/Versions/3.9/include/python3.9/pyport.h:508:54: note: expanded from macro 'Py_DEPRECATED'
      #define Py_DEPRECATED(VERSION_UNUSED) __attribute__((__deprecated__))
                                                           ^
      geo/_sphere.c:2639:26: warning: '_PyUnicode_get_wstr_length' is deprecated [-Wdeprecated-declarations]
                              (PyUnicode_GET_SIZE(**argname) != PyUnicode_GET_SIZE(key)) ? 1 :
                               ^
      /opt/homebrew/opt/python@3.9/Frameworks/Python.framework/Versions/3.9/include/python3.9/cpython/unicodeobject.h:261:7: note: expanded from macro 'PyUnicode_GET_SIZE'
            PyUnicode_WSTR_LENGTH(op) :                    \
            ^
      /opt/homebrew/opt/python@3.9/Frameworks/Python.framework/Versions/3.9/include/python3.9/cpython/unicodeobject.h:451:35: note: expanded from macro 'PyUnicode_WSTR_LENGTH'
      #define PyUnicode_WSTR_LENGTH(op) _PyUnicode_get_wstr_length((PyObject*)op)
                                        ^
      /opt/homebrew/opt/python@3.9/Frameworks/Python.framework/Versions/3.9/include/python3.9/cpython/unicodeobject.h:445:1: note: '_PyUnicode_get_wstr_length' has been explicitly marked deprecated here
      Py_DEPRECATED(3.3)
      ^
      /opt/homebrew/opt/python@3.9/Frameworks/Python.framework/Versions/3.9/include/python3.9/pyport.h:508:54: note: expanded from macro 'Py_DEPRECATED'
      #define Py_DEPRECATED(VERSION_UNUSED) __attribute__((__deprecated__))
                                                           ^
      geo/_sphere.c:2639:26: warning: 'PyUnicode_AsUnicode' is deprecated [-Wdeprecated-declarations]
                              (PyUnicode_GET_SIZE(**argname) != PyUnicode_GET_SIZE(key)) ? 1 :
                               ^
      /opt/homebrew/opt/python@3.9/Frameworks/Python.framework/Versions/3.9/include/python3.9/cpython/unicodeobject.h:262:14: note: expanded from macro 'PyUnicode_GET_SIZE'
            ((void)PyUnicode_AsUnicode(_PyObject_CAST(op)),\
                   ^
      /opt/homebrew/opt/python@3.9/Frameworks/Python.framework/Versions/3.9/include/python3.9/cpython/unicodeobject.h:580:1: note: 'PyUnicode_AsUnicode' has been explicitly marked deprecated here
      Py_DEPRECATED(3.3) PyAPI_FUNC(Py_UNICODE *) PyUnicode_AsUnicode(
      ^
      /opt/homebrew/opt/python@3.9/Frameworks/Python.framework/Versions/3.9/include/python3.9/pyport.h:508:54: note: expanded from macro 'Py_DEPRECATED'
      #define Py_DEPRECATED(VERSION_UNUSED) __attribute__((__deprecated__))
                                                           ^
      geo/_sphere.c:2639:26: warning: '_PyUnicode_get_wstr_length' is deprecated [-Wdeprecated-declarations]
                              (PyUnicode_GET_SIZE(**argname) != PyUnicode_GET_SIZE(key)) ? 1 :
                               ^
      /opt/homebrew/opt/python@3.9/Frameworks/Python.framework/Versions/3.9/include/python3.9/cpython/unicodeobject.h:264:8: note: expanded from macro 'PyUnicode_GET_SIZE'
             PyUnicode_WSTR_LENGTH(op)))
             ^
      /opt/homebrew/opt/python@3.9/Frameworks/Python.framework/Versions/3.9/include/python3.9/cpython/unicodeobject.h:451:35: note: expanded from macro 'PyUnicode_WSTR_LENGTH'
      #define PyUnicode_WSTR_LENGTH(op) _PyUnicode_get_wstr_length((PyObject*)op)
                                        ^
      /opt/homebrew/opt/python@3.9/Frameworks/Python.framework/Versions/3.9/include/python3.9/cpython/unicodeobject.h:445:1: note: '_PyUnicode_get_wstr_length' has been explicitly marked deprecated here
      Py_DEPRECATED(3.3)
      ^
      /opt/homebrew/opt/python@3.9/Frameworks/Python.framework/Versions/3.9/include/python3.9/pyport.h:508:54: note: expanded from macro 'Py_DEPRECATED'
      #define Py_DEPRECATED(VERSION_UNUSED) __attribute__((__deprecated__))
                                                           ^
      geo/_sphere.c:2639:59: warning: '_PyUnicode_get_wstr_length' is deprecated [-Wdeprecated-declarations]
                              (PyUnicode_GET_SIZE(**argname) != PyUnicode_GET_SIZE(key)) ? 1 :
                                                                ^
      /opt/homebrew/opt/python@3.9/Frameworks/Python.framework/Versions/3.9/include/python3.9/cpython/unicodeobject.h:261:7: note: expanded from macro 'PyUnicode_GET_SIZE'
            PyUnicode_WSTR_LENGTH(op) :                    \
            ^
      /opt/homebrew/opt/python@3.9/Frameworks/Python.framework/Versions/3.9/include/python3.9/cpython/unicodeobject.h:451:35: note: expanded from macro 'PyUnicode_WSTR_LENGTH'
      #define PyUnicode_WSTR_LENGTH(op) _PyUnicode_get_wstr_length((PyObject*)op)
                                        ^
      /opt/homebrew/opt/python@3.9/Frameworks/Python.framework/Versions/3.9/include/python3.9/cpython/unicodeobject.h:445:1: note: '_PyUnicode_get_wstr_length' has been explicitly marked deprecated here
      Py_DEPRECATED(3.3)
      ^
      /opt/homebrew/opt/python@3.9/Frameworks/Python.framework/Versions/3.9/include/python3.9/pyport.h:508:54: note: expanded from macro 'Py_DEPRECATED'
      #define Py_DEPRECATED(VERSION_UNUSED) __attribute__((__deprecated__))
                                                           ^
      geo/_sphere.c:2639:59: warning: 'PyUnicode_AsUnicode' is deprecated [-Wdeprecated-declarations]
                              (PyUnicode_GET_SIZE(**argname) != PyUnicode_GET_SIZE(key)) ? 1 :
                                                                ^
      /opt/homebrew/opt/python@3.9/Frameworks/Python.framework/Versions/3.9/include/python3.9/cpython/unicodeobject.h:262:14: note: expanded from macro 'PyUnicode_GET_SIZE'
            ((void)PyUnicode_AsUnicode(_PyObject_CAST(op)),\
                   ^
      /opt/homebrew/opt/python@3.9/Frameworks/Python.framework/Versions/3.9/include/python3.9/cpython/unicodeobject.h:580:1: note: 'PyUnicode_AsUnicode' has been explicitly marked deprecated here
      Py_DEPRECATED(3.3) PyAPI_FUNC(Py_UNICODE *) PyUnicode_AsUnicode(
      ^
      /opt/homebrew/opt/python@3.9/Frameworks/Python.framework/Versions/3.9/include/python3.9/pyport.h:508:54: note: expanded from macro 'Py_DEPRECATED'
      #define Py_DEPRECATED(VERSION_UNUSED) __attribute__((__deprecated__))
                                                           ^
      geo/_sphere.c:2639:59: warning: '_PyUnicode_get_wstr_length' is deprecated [-Wdeprecated-declarations]
                              (PyUnicode_GET_SIZE(**argname) != PyUnicode_GET_SIZE(key)) ? 1 :
                                                                ^
      /opt/homebrew/opt/python@3.9/Frameworks/Python.framework/Versions/3.9/include/python3.9/cpython/unicodeobject.h:264:8: note: expanded from macro 'PyUnicode_GET_SIZE'
             PyUnicode_WSTR_LENGTH(op)))
             ^
      /opt/homebrew/opt/python@3.9/Frameworks/Python.framework/Versions/3.9/include/python3.9/cpython/unicodeobject.h:451:35: note: expanded from macro 'PyUnicode_WSTR_LENGTH'
      #define PyUnicode_WSTR_LENGTH(op) _PyUnicode_get_wstr_length((PyObject*)op)
                                        ^
      /opt/homebrew/opt/python@3.9/Frameworks/Python.framework/Versions/3.9/include/python3.9/cpython/unicodeobject.h:445:1: note: '_PyUnicode_get_wstr_length' has been explicitly marked deprecated here
      Py_DEPRECATED(3.3)
      ^
      /opt/homebrew/opt/python@3.9/Frameworks/Python.framework/Versions/3.9/include/python3.9/pyport.h:508:54: note: expanded from macro 'Py_DEPRECATED'
      #define Py_DEPRECATED(VERSION_UNUSED) __attribute__((__deprecated__))
                                                           ^
      12 warnings generated.
      clang -bundle -undefined dynamic_lookup -isysroot /Library/Developer/CommandLineTools/SDKs/MacOSX14.sdk build/temp.macosx-14-arm64-cpython-39/geo/_sphere.o -o build/lib.macosx-14-arm64-cpython-39/geo/_sphere.cpython-39-darwin.so
      building 'geo._ellipsoid' extension
      clang -Wno-unused-result -Wsign-compare -Wunreachable-code -fno-common -dynamic -DNDEBUG -g -fwrapv -O3 -Wall -isysroot /Library/Developer/CommandLineTools/SDKs/MacOSX14.sdk -I/Users/traiano/Desktop/Learning/Geoserver/geoserver-microservices/geoserver-rest/.venv/include -I/opt/homebrew/opt/python@3.9/Frameworks/Python.framework/Versions/3.9/include/python3.9 -c geo/_ellipsoid.c -o build/temp.macosx-14-arm64-cpython-39/geo/_ellipsoid.o
      geo/_ellipsoid.c:3250:22: warning: '_PyUnicode_get_wstr_length' is deprecated [-Wdeprecated-declarations]
                          (PyUnicode_GET_SIZE(**name) != PyUnicode_GET_SIZE(key)) ? 1 :
                           ^
      /opt/homebrew/opt/python@3.9/Frameworks/Python.framework/Versions/3.9/include/python3.9/cpython/unicodeobject.h:261:7: note: expanded from macro 'PyUnicode_GET_SIZE'
            PyUnicode_WSTR_LENGTH(op) :                    \
            ^
      /opt/homebrew/opt/python@3.9/Frameworks/Python.framework/Versions/3.9/include/python3.9/cpython/unicodeobject.h:451:35: note: expanded from macro 'PyUnicode_WSTR_LENGTH'
      #define PyUnicode_WSTR_LENGTH(op) _PyUnicode_get_wstr_length((PyObject*)op)
                                        ^
      /opt/homebrew/opt/python@3.9/Frameworks/Python.framework/Versions/3.9/include/python3.9/cpython/unicodeobject.h:445:1: note: '_PyUnicode_get_wstr_length' has been explicitly marked deprecated here
      Py_DEPRECATED(3.3)
      ^
      /opt/homebrew/opt/python@3.9/Frameworks/Python.framework/Versions/3.9/include/python3.9/pyport.h:508:54: note: expanded from macro 'Py_DEPRECATED'
      #define Py_DEPRECATED(VERSION_UNUSED) __attribute__((__deprecated__))
                                                           ^
      geo/_ellipsoid.c:3250:22: warning: 'PyUnicode_AsUnicode' is deprecated [-Wdeprecated-declarations]
                          (PyUnicode_GET_SIZE(**name) != PyUnicode_GET_SIZE(key)) ? 1 :
                           ^
      /opt/homebrew/opt/python@3.9/Frameworks/Python.framework/Versions/3.9/include/python3.9/cpython/unicodeobject.h:262:14: note: expanded from macro 'PyUnicode_GET_SIZE'
            ((void)PyUnicode_AsUnicode(_PyObject_CAST(op)),\
                   ^
      /opt/homebrew/opt/python@3.9/Frameworks/Python.framework/Versions/3.9/include/python3.9/cpython/unicodeobject.h:580:1: note: 'PyUnicode_AsUnicode' has been explicitly marked deprecated here
      Py_DEPRECATED(3.3) PyAPI_FUNC(Py_UNICODE *) PyUnicode_AsUnicode(
      ^
      /opt/homebrew/opt/python@3.9/Frameworks/Python.framework/Versions/3.9/include/python3.9/pyport.h:508:54: note: expanded from macro 'Py_DEPRECATED'
      #define Py_DEPRECATED(VERSION_UNUSED) __attribute__((__deprecated__))
                                                           ^
      geo/_ellipsoid.c:3250:22: warning: '_PyUnicode_get_wstr_length' is deprecated [-Wdeprecated-declarations]
                          (PyUnicode_GET_SIZE(**name) != PyUnicode_GET_SIZE(key)) ? 1 :
                           ^
      /opt/homebrew/opt/python@3.9/Frameworks/Python.framework/Versions/3.9/include/python3.9/cpython/unicodeobject.h:264:8: note: expanded from macro 'PyUnicode_GET_SIZE'
             PyUnicode_WSTR_LENGTH(op)))
             ^
      /opt/homebrew/opt/python@3.9/Frameworks/Python.framework/Versions/3.9/include/python3.9/cpython/unicodeobject.h:451:35: note: expanded from macro 'PyUnicode_WSTR_LENGTH'
      #define PyUnicode_WSTR_LENGTH(op) _PyUnicode_get_wstr_length((PyObject*)op)
                                        ^
      /opt/homebrew/opt/python@3.9/Frameworks/Python.framework/Versions/3.9/include/python3.9/cpython/unicodeobject.h:445:1: note: '_PyUnicode_get_wstr_length' has been explicitly marked deprecated here
      Py_DEPRECATED(3.3)
      ^
      /opt/homebrew/opt/python@3.9/Frameworks/Python.framework/Versions/3.9/include/python3.9/pyport.h:508:54: note: expanded from macro 'Py_DEPRECATED'
      #define Py_DEPRECATED(VERSION_UNUSED) __attribute__((__deprecated__))
                                                           ^
      geo/_ellipsoid.c:3250:52: warning: '_PyUnicode_get_wstr_length' is deprecated [-Wdeprecated-declarations]
                          (PyUnicode_GET_SIZE(**name) != PyUnicode_GET_SIZE(key)) ? 1 :
                                                         ^
      /opt/homebrew/opt/python@3.9/Frameworks/Python.framework/Versions/3.9/include/python3.9/cpython/unicodeobject.h:261:7: note: expanded from macro 'PyUnicode_GET_SIZE'
            PyUnicode_WSTR_LENGTH(op) :                    \
            ^
      /opt/homebrew/opt/python@3.9/Frameworks/Python.framework/Versions/3.9/include/python3.9/cpython/unicodeobject.h:451:35: note: expanded from macro 'PyUnicode_WSTR_LENGTH'
      #define PyUnicode_WSTR_LENGTH(op) _PyUnicode_get_wstr_length((PyObject*)op)
                                        ^
      /opt/homebrew/opt/python@3.9/Frameworks/Python.framework/Versions/3.9/include/python3.9/cpython/unicodeobject.h:445:1: note: '_PyUnicode_get_wstr_length' has been explicitly marked deprecated here
      Py_DEPRECATED(3.3)
      ^
      /opt/homebrew/opt/python@3.9/Frameworks/Python.framework/Versions/3.9/include/python3.9/pyport.h:508:54: note: expanded from macro 'Py_DEPRECATED'
      #define Py_DEPRECATED(VERSION_UNUSED) __attribute__((__deprecated__))
                                                           ^
      geo/_ellipsoid.c:3250:52: warning: 'PyUnicode_AsUnicode' is deprecated [-Wdeprecated-declarations]
                          (PyUnicode_GET_SIZE(**name) != PyUnicode_GET_SIZE(key)) ? 1 :
                                                         ^
      /opt/homebrew/opt/python@3.9/Frameworks/Python.framework/Versions/3.9/include/python3.9/cpython/unicodeobject.h:262:14: note: expanded from macro 'PyUnicode_GET_SIZE'
            ((void)PyUnicode_AsUnicode(_PyObject_CAST(op)),\
                   ^
      /opt/homebrew/opt/python@3.9/Frameworks/Python.framework/Versions/3.9/include/python3.9/cpython/unicodeobject.h:580:1: note: 'PyUnicode_AsUnicode' has been explicitly marked deprecated here
      Py_DEPRECATED(3.3) PyAPI_FUNC(Py_UNICODE *) PyUnicode_AsUnicode(
      ^
      /opt/homebrew/opt/python@3.9/Frameworks/Python.framework/Versions/3.9/include/python3.9/pyport.h:508:54: note: expanded from macro 'Py_DEPRECATED'
      #define Py_DEPRECATED(VERSION_UNUSED) __attribute__((__deprecated__))
                                                           ^
      geo/_ellipsoid.c:3250:52: warning: '_PyUnicode_get_wstr_length' is deprecated [-Wdeprecated-declarations]
                          (PyUnicode_GET_SIZE(**name) != PyUnicode_GET_SIZE(key)) ? 1 :
                                                         ^
      /opt/homebrew/opt/python@3.9/Frameworks/Python.framework/Versions/3.9/include/python3.9/cpython/unicodeobject.h:264:8: note: expanded from macro 'PyUnicode_GET_SIZE'
             PyUnicode_WSTR_LENGTH(op)))
             ^
      /opt/homebrew/opt/python@3.9/Frameworks/Python.framework/Versions/3.9/include/python3.9/cpython/unicodeobject.h:451:35: note: expanded from macro 'PyUnicode_WSTR_LENGTH'
      #define PyUnicode_WSTR_LENGTH(op) _PyUnicode_get_wstr_length((PyObject*)op)
                                        ^
      /opt/homebrew/opt/python@3.9/Frameworks/Python.framework/Versions/3.9/include/python3.9/cpython/unicodeobject.h:445:1: note: '_PyUnicode_get_wstr_length' has been explicitly marked deprecated here
      Py_DEPRECATED(3.3)
      ^
      /opt/homebrew/opt/python@3.9/Frameworks/Python.framework/Versions/3.9/include/python3.9/pyport.h:508:54: note: expanded from macro 'Py_DEPRECATED'
      #define Py_DEPRECATED(VERSION_UNUSED) __attribute__((__deprecated__))
                                                           ^
      geo/_ellipsoid.c:3266:26: warning: '_PyUnicode_get_wstr_length' is deprecated [-Wdeprecated-declarations]
                              (PyUnicode_GET_SIZE(**argname) != PyUnicode_GET_SIZE(key)) ? 1 :
                               ^
      /opt/homebrew/opt/python@3.9/Frameworks/Python.framework/Versions/3.9/include/python3.9/cpython/unicodeobject.h:261:7: note: expanded from macro 'PyUnicode_GET_SIZE'
            PyUnicode_WSTR_LENGTH(op) :                    \
            ^
      /opt/homebrew/opt/python@3.9/Frameworks/Python.framework/Versions/3.9/include/python3.9/cpython/unicodeobject.h:451:35: note: expanded from macro 'PyUnicode_WSTR_LENGTH'
      #define PyUnicode_WSTR_LENGTH(op) _PyUnicode_get_wstr_length((PyObject*)op)
                                        ^
      /opt/homebrew/opt/python@3.9/Frameworks/Python.framework/Versions/3.9/include/python3.9/cpython/unicodeobject.h:445:1: note: '_PyUnicode_get_wstr_length' has been explicitly marked deprecated here
      Py_DEPRECATED(3.3)
      ^
      /opt/homebrew/opt/python@3.9/Frameworks/Python.framework/Versions/3.9/include/python3.9/pyport.h:508:54: note: expanded from macro 'Py_DEPRECATED'
      #define Py_DEPRECATED(VERSION_UNUSED) __attribute__((__deprecated__))
                                                           ^
      geo/_ellipsoid.c:3266:26: warning: 'PyUnicode_AsUnicode' is deprecated [-Wdeprecated-declarations]
                              (PyUnicode_GET_SIZE(**argname) != PyUnicode_GET_SIZE(key)) ? 1 :
                               ^
      /opt/homebrew/opt/python@3.9/Frameworks/Python.framework/Versions/3.9/include/python3.9/cpython/unicodeobject.h:262:14: note: expanded from macro 'PyUnicode_GET_SIZE'
            ((void)PyUnicode_AsUnicode(_PyObject_CAST(op)),\
                   ^
      /opt/homebrew/opt/python@3.9/Frameworks/Python.framework/Versions/3.9/include/python3.9/cpython/unicodeobject.h:580:1: note: 'PyUnicode_AsUnicode' has been explicitly marked deprecated here
      Py_DEPRECATED(3.3) PyAPI_FUNC(Py_UNICODE *) PyUnicode_AsUnicode(
      ^
      /opt/homebrew/opt/python@3.9/Frameworks/Python.framework/Versions/3.9/include/python3.9/pyport.h:508:54: note: expanded from macro 'Py_DEPRECATED'
      #define Py_DEPRECATED(VERSION_UNUSED) __attribute__((__deprecated__))
                                                           ^
      geo/_ellipsoid.c:3266:26: warning: '_PyUnicode_get_wstr_length' is deprecated [-Wdeprecated-declarations]
                              (PyUnicode_GET_SIZE(**argname) != PyUnicode_GET_SIZE(key)) ? 1 :
                               ^
      /opt/homebrew/opt/python@3.9/Frameworks/Python.framework/Versions/3.9/include/python3.9/cpython/unicodeobject.h:264:8: note: expanded from macro 'PyUnicode_GET_SIZE'
             PyUnicode_WSTR_LENGTH(op)))
             ^
      /opt/homebrew/opt/python@3.9/Frameworks/Python.framework/Versions/3.9/include/python3.9/cpython/unicodeobject.h:451:35: note: expanded from macro 'PyUnicode_WSTR_LENGTH'
      #define PyUnicode_WSTR_LENGTH(op) _PyUnicode_get_wstr_length((PyObject*)op)
                                        ^
      /opt/homebrew/opt/python@3.9/Frameworks/Python.framework/Versions/3.9/include/python3.9/cpython/unicodeobject.h:445:1: note: '_PyUnicode_get_wstr_length' has been explicitly marked deprecated here
      Py_DEPRECATED(3.3)
      ^
      /opt/homebrew/opt/python@3.9/Frameworks/Python.framework/Versions/3.9/include/python3.9/pyport.h:508:54: note: expanded from macro 'Py_DEPRECATED'
      #define Py_DEPRECATED(VERSION_UNUSED) __attribute__((__deprecated__))
                                                           ^
      geo/_ellipsoid.c:3266:59: warning: '_PyUnicode_get_wstr_length' is deprecated [-Wdeprecated-declarations]
                              (PyUnicode_GET_SIZE(**argname) != PyUnicode_GET_SIZE(key)) ? 1 :
                                                                ^
      /opt/homebrew/opt/python@3.9/Frameworks/Python.framework/Versions/3.9/include/python3.9/cpython/unicodeobject.h:261:7: note: expanded from macro 'PyUnicode_GET_SIZE'
            PyUnicode_WSTR_LENGTH(op) :                    \
            ^
      /opt/homebrew/opt/python@3.9/Frameworks/Python.framework/Versions/3.9/include/python3.9/cpython/unicodeobject.h:451:35: note: expanded from macro 'PyUnicode_WSTR_LENGTH'
      #define PyUnicode_WSTR_LENGTH(op) _PyUnicode_get_wstr_length((PyObject*)op)
                                        ^
      /opt/homebrew/opt/python@3.9/Frameworks/Python.framework/Versions/3.9/include/python3.9/cpython/unicodeobject.h:445:1: note: '_PyUnicode_get_wstr_length' has been explicitly marked deprecated here
      Py_DEPRECATED(3.3)
      ^
      /opt/homebrew/opt/python@3.9/Frameworks/Python.framework/Versions/3.9/include/python3.9/pyport.h:508:54: note: expanded from macro 'Py_DEPRECATED'
      #define Py_DEPRECATED(VERSION_UNUSED) __attribute__((__deprecated__))
                                                           ^
      geo/_ellipsoid.c:3266:59: warning: 'PyUnicode_AsUnicode' is deprecated [-Wdeprecated-declarations]
                              (PyUnicode_GET_SIZE(**argname) != PyUnicode_GET_SIZE(key)) ? 1 :
                                                                ^
      /opt/homebrew/opt/python@3.9/Frameworks/Python.framework/Versions/3.9/include/python3.9/cpython/unicodeobject.h:262:14: note: expanded from macro 'PyUnicode_GET_SIZE'
            ((void)PyUnicode_AsUnicode(_PyObject_CAST(op)),\
                   ^
      /opt/homebrew/opt/python@3.9/Frameworks/Python.framework/Versions/3.9/include/python3.9/cpython/unicodeobject.h:580:1: note: 'PyUnicode_AsUnicode' has been explicitly marked deprecated here
      Py_DEPRECATED(3.3) PyAPI_FUNC(Py_UNICODE *) PyUnicode_AsUnicode(
      ^
      /opt/homebrew/opt/python@3.9/Frameworks/Python.framework/Versions/3.9/include/python3.9/pyport.h:508:54: note: expanded from macro 'Py_DEPRECATED'
      #define Py_DEPRECATED(VERSION_UNUSED) __attribute__((__deprecated__))
                                                           ^
      geo/_ellipsoid.c:3266:59: warning: '_PyUnicode_get_wstr_length' is deprecated [-Wdeprecated-declarations]
                              (PyUnicode_GET_SIZE(**argname) != PyUnicode_GET_SIZE(key)) ? 1 :
                                                                ^
      /opt/homebrew/opt/python@3.9/Frameworks/Python.framework/Versions/3.9/include/python3.9/cpython/unicodeobject.h:264:8: note: expanded from macro 'PyUnicode_GET_SIZE'
             PyUnicode_WSTR_LENGTH(op)))
             ^
      /opt/homebrew/opt/python@3.9/Frameworks/Python.framework/Versions/3.9/include/python3.9/cpython/unicodeobject.h:451:35: note: expanded from macro 'PyUnicode_WSTR_LENGTH'
      #define PyUnicode_WSTR_LENGTH(op) _PyUnicode_get_wstr_length((PyObject*)op)
                                        ^
      /opt/homebrew/opt/python@3.9/Frameworks/Python.framework/Versions/3.9/include/python3.9/cpython/unicodeobject.h:445:1: note: '_PyUnicode_get_wstr_length' has been explicitly marked deprecated here
      Py_DEPRECATED(3.3)
      ^
      /opt/homebrew/opt/python@3.9/Frameworks/Python.framework/Versions/3.9/include/python3.9/pyport.h:508:54: note: expanded from macro 'Py_DEPRECATED'
      #define Py_DEPRECATED(VERSION_UNUSED) __attribute__((__deprecated__))
                                                           ^
      geo/_ellipsoid.c:3422:21: error: no member named 'exc_type' in 'struct _ts'
          *type = tstate->exc_type;
                  ~~~~~~  ^
      geo/_ellipsoid.c:3423:22: error: no member named 'exc_value' in 'struct _ts'; did you mean 'curexc_value'?
          *value = tstate->exc_value;
                           ^~~~~~~~~
                           curexc_value
      /opt/homebrew/opt/python@3.9/Frameworks/Python.framework/Versions/3.9/include/python3.9/cpython/pystate.h:78:15: note: 'curexc_value' declared here
          PyObject *curexc_value;
                    ^
      geo/_ellipsoid.c:3424:19: error: no member named 'exc_traceback' in 'struct _ts'; did you mean 'curexc_traceback'?
          *tb = tstate->exc_traceback;
                        ^~~~~~~~~~~~~
                        curexc_traceback
      /opt/homebrew/opt/python@3.9/Frameworks/Python.framework/Versions/3.9/include/python3.9/cpython/pystate.h:79:15: note: 'curexc_traceback' declared here
          PyObject *curexc_traceback;
                    ^
      geo/_ellipsoid.c:3431:24: error: no member named 'exc_type' in 'struct _ts'
          tmp_type = tstate->exc_type;
                     ~~~~~~  ^
      geo/_ellipsoid.c:3432:25: error: no member named 'exc_value' in 'struct _ts'; did you mean 'curexc_value'?
          tmp_value = tstate->exc_value;
                              ^~~~~~~~~
                              curexc_value
      /opt/homebrew/opt/python@3.9/Frameworks/Python.framework/Versions/3.9/include/python3.9/cpython/pystate.h:78:15: note: 'curexc_value' declared here
          PyObject *curexc_value;
                    ^
      geo/_ellipsoid.c:3433:22: error: no member named 'exc_traceback' in 'struct _ts'; did you mean 'curexc_traceback'?
          tmp_tb = tstate->exc_traceback;
                           ^~~~~~~~~~~~~
                           curexc_traceback
      /opt/homebrew/opt/python@3.9/Frameworks/Python.framework/Versions/3.9/include/python3.9/cpython/pystate.h:79:15: note: 'curexc_traceback' declared here
          PyObject *curexc_traceback;
                    ^
      geo/_ellipsoid.c:3434:13: error: no member named 'exc_type' in 'struct _ts'
          tstate->exc_type = type;
          ~~~~~~  ^
      geo/_ellipsoid.c:3435:13: error: no member named 'exc_value' in 'struct _ts'; did you mean 'curexc_value'?
          tstate->exc_value = value;
                  ^~~~~~~~~
                  curexc_value
      /opt/homebrew/opt/python@3.9/Frameworks/Python.framework/Versions/3.9/include/python3.9/cpython/pystate.h:78:15: note: 'curexc_value' declared here
          PyObject *curexc_value;
                    ^
      geo/_ellipsoid.c:3436:13: error: no member named 'exc_traceback' in 'struct _ts'; did you mean 'curexc_traceback'?
          tstate->exc_traceback = tb;
                  ^~~~~~~~~~~~~
                  curexc_traceback
      /opt/homebrew/opt/python@3.9/Frameworks/Python.framework/Versions/3.9/include/python3.9/cpython/pystate.h:79:15: note: 'curexc_traceback' declared here
          PyObject *curexc_traceback;
                    ^
      geo/_ellipsoid.c:3491:24: error: no member named 'exc_type' in 'struct _ts'
          tmp_type = tstate->exc_type;
                     ~~~~~~  ^
      geo/_ellipsoid.c:3492:25: error: no member named 'exc_value' in 'struct _ts'; did you mean 'curexc_value'?
          tmp_value = tstate->exc_value;
                              ^~~~~~~~~
                              curexc_value
      /opt/homebrew/opt/python@3.9/Frameworks/Python.framework/Versions/3.9/include/python3.9/cpython/pystate.h:78:15: note: 'curexc_value' declared here
          PyObject *curexc_value;
                    ^
      geo/_ellipsoid.c:3493:22: error: no member named 'exc_traceback' in 'struct _ts'; did you mean 'curexc_traceback'?
          tmp_tb = tstate->exc_traceback;
                           ^~~~~~~~~~~~~
                           curexc_traceback
      /opt/homebrew/opt/python@3.9/Frameworks/Python.framework/Versions/3.9/include/python3.9/cpython/pystate.h:79:15: note: 'curexc_traceback' declared here
          PyObject *curexc_traceback;
                    ^
      geo/_ellipsoid.c:3494:13: error: no member named 'exc_type' in 'struct _ts'
          tstate->exc_type = local_type;
          ~~~~~~  ^
      geo/_ellipsoid.c:3495:13: error: no member named 'exc_value' in 'struct _ts'; did you mean 'curexc_value'?
          tstate->exc_value = local_value;
                  ^~~~~~~~~
                  curexc_value
      /opt/homebrew/opt/python@3.9/Frameworks/Python.framework/Versions/3.9/include/python3.9/cpython/pystate.h:78:15: note: 'curexc_value' declared here
          PyObject *curexc_value;
                    ^
      geo/_ellipsoid.c:3496:13: error: no member named 'exc_traceback' in 'struct _ts'; did you mean 'curexc_traceback'?
          tstate->exc_traceback = local_tb;
                  ^~~~~~~~~~~~~
                  curexc_traceback
      /opt/homebrew/opt/python@3.9/Frameworks/Python.framework/Versions/3.9/include/python3.9/cpython/pystate.h:79:15: note: 'curexc_traceback' declared here
          PyObject *curexc_traceback;
                    ^
      12 warnings and 15 errors generated.
      error: command '/usr/bin/clang' failed with exit code 1
      [end of output]
  
  note: This error originates from a subprocess, and is likely not a problem with pip.
  ERROR: Failed building wheel for geo-py
Failed to build geo-py
ERROR: ERROR: Failed to build installable wheels for some pyproject.toml based projects (geo-py)
